[2022-03-13T12:01:31.717] [DEBUG] cheese - login => username:yuan,password:123456
[2022-03-13T12:01:31.735] [DEBUG] cheese - yuan
[2022-03-13T12:01:31.804] [DEBUG] cheese - null
[2022-03-13T12:01:31.805] [DEBUG] cheese - null
[2022-03-13T12:03:02.737] [DEBUG] cheese - login => username:anmin,password:123456
[2022-03-13T12:03:02.737] [DEBUG] cheese - anmin
[2022-03-13T12:03:02.753] [DEBUG] cheese - null
[2022-03-13T12:03:02.753] [DEBUG] cheese - null
[2022-03-13T12:03:11.159] [DEBUG] cheese - login => username:admin,password:123456
[2022-03-13T12:03:11.161] [DEBUG] cheese - admin
[2022-03-13T12:03:11.191] [DEBUG] cheese - null
[2022-03-13T12:03:11.192] [DEBUG] cheese - null
[2022-03-13T20:53:57.873] [DEBUG] cheese - login => username:qqwqw,password:qwqw
[2022-03-13T20:53:57.876] [DEBUG] cheese - qqwqw
[2022-03-13T20:53:58.109] [DEBUG] cheese - null
[2022-03-13T20:53:58.109] [DEBUG] cheese - null
[2022-03-13T20:56:35.845] [DEBUG] cheese - login => username:ssasa,password:asasasa
[2022-03-13T20:56:35.846] [DEBUG] cheese - ssasa
[2022-03-13T20:56:35.851] [DEBUG] cheese - null
[2022-03-13T20:56:35.852] [DEBUG] cheese - null
[2022-03-13T20:57:16.063] [DEBUG] cheese - login => username:sass,password:asasas
[2022-03-13T20:57:16.064] [DEBUG] cheese - sass
[2022-03-13T20:57:16.070] [DEBUG] cheese - null
[2022-03-13T20:57:16.070] [DEBUG] cheese - null
[2022-03-13T20:57:57.088] [DEBUG] cheese - login => username:asas,password:asasas
[2022-03-13T20:57:57.089] [DEBUG] cheese - asas
[2022-03-13T20:57:57.091] [DEBUG] cheese - null
[2022-03-13T20:57:57.091] [DEBUG] cheese - null
[2022-03-13T20:58:17.404] [DEBUG] cheese - login => username:sasas,password:asasass
[2022-03-13T20:58:17.404] [DEBUG] cheese - sasas
[2022-03-13T20:58:17.406] [DEBUG] cheese - null
[2022-03-13T20:58:17.406] [DEBUG] cheese - null
[2022-03-13T21:08:14.294] [DEBUG] cheese - login => username:sds,password:sdsdsd
[2022-03-13T21:08:14.295] [DEBUG] cheese - sds
[2022-03-13T21:08:14.313] [DEBUG] cheese - null
[2022-03-13T21:08:14.313] [DEBUG] cheese - null
[2022-03-13T21:17:01.033] [DEBUG] cheese - login => username:ssdsd,password:sdsdsd
[2022-03-13T21:17:01.033] [DEBUG] cheese - ssdsd
[2022-03-13T21:17:01.044] [DEBUG] cheese - null
[2022-03-13T21:17:01.045] [DEBUG] cheese - null
[2022-03-13T21:18:57.657] [DEBUG] cheese - login => username:ssdd,password:sdsdsd
[2022-03-13T21:18:57.657] [DEBUG] cheese - ssdd
[2022-03-13T21:18:57.660] [DEBUG] cheese - null
[2022-03-13T21:18:57.660] [DEBUG] cheese - null
[2022-03-13T21:19:27.149] [DEBUG] cheese - login => username:sdsd,password:sdsdssdsd
[2022-03-13T21:19:27.149] [DEBUG] cheese - sdsd
[2022-03-13T21:19:27.167] [DEBUG] cheese - null
[2022-03-13T21:19:27.167] [DEBUG] cheese - null
[2022-03-13T21:20:22.505] [DEBUG] cheese - login => username:sasas,password:asasasas
[2022-03-13T21:20:22.505] [DEBUG] cheese - sasas
[2022-03-13T21:20:22.509] [DEBUG] cheese - null
[2022-03-13T21:20:22.509] [DEBUG] cheese - null
[2022-03-13T21:20:38.690] [DEBUG] cheese - login => username:dsds,password:dsdsdsdsd
[2022-03-13T21:20:38.690] [DEBUG] cheese - dsds
[2022-03-13T21:20:38.693] [DEBUG] cheese - null
[2022-03-13T21:20:38.693] [DEBUG] cheese - null
[2022-03-13T21:21:29.681] [DEBUG] cheese - login => username:dsds,password:sdsdsdsd
[2022-03-13T21:21:29.681] [DEBUG] cheese - dsds
[2022-03-13T21:21:29.684] [DEBUG] cheese - null
[2022-03-13T21:21:29.684] [DEBUG] cheese - null
[2022-03-13T21:21:36.685] [DEBUG] cheese - login => username:dsds,password:sdsdsdsds
[2022-03-13T21:21:36.685] [DEBUG] cheese - dsds
[2022-03-13T21:21:36.688] [DEBUG] cheese - null
[2022-03-13T21:21:36.688] [DEBUG] cheese - null
[2022-03-13T21:22:09.376] [DEBUG] cheese - login => username:sasas,password:asasasasas
[2022-03-13T21:22:09.377] [DEBUG] cheese - sasas
[2022-03-13T21:22:09.379] [DEBUG] cheese - null
[2022-03-13T21:22:09.380] [DEBUG] cheese - null
[2022-03-13T21:23:23.913] [DEBUG] cheese - login => username:sdsd,password:sdsdsdsd
[2022-03-13T21:23:23.913] [DEBUG] cheese - sdsd
[2022-03-13T21:23:23.915] [DEBUG] cheese - null
[2022-03-13T21:23:23.915] [DEBUG] cheese - null
[2022-03-13T21:55:27.592] [DEBUG] cheese - login => username:asasa,password:sdsdssdsd
[2022-03-13T21:55:27.592] [DEBUG] cheese - asasa
[2022-03-13T21:55:27.624] [DEBUG] cheese - null
[2022-03-13T21:55:27.624] [DEBUG] cheese - null
[2022-03-13T21:55:56.541] [DEBUG] cheese - login => username:sdsds,password:sdsdsd
[2022-03-13T21:55:56.541] [DEBUG] cheese - sdsds
[2022-03-13T21:55:56.551] [DEBUG] cheese - null
[2022-03-13T21:55:56.552] [DEBUG] cheese - null
[2022-03-14T14:21:58.063] [DEBUG] cheese - login => username:ggghh,password:fgffghghg
[2022-03-14T14:21:58.064] [DEBUG] cheese - ggghh
[2022-03-14T14:21:58.157] [DEBUG] cheese - null
[2022-03-14T14:21:58.158] [DEBUG] cheese - null
[2022-03-14T14:55:59.924] [DEBUG] cheese - login => username:admin,password:123456
[2022-03-14T14:55:59.927] [DEBUG] cheese - admin
[2022-03-14T14:55:59.963] [DEBUG] cheese - null
[2022-03-14T14:55:59.964] [DEBUG] cheese - null
[2022-03-14T14:57:50.451] [DEBUG] cheese - login => username:admin,password:123456
[2022-03-14T14:57:50.451] [DEBUG] cheese - admin
[2022-03-14T14:57:50.463] [DEBUG] cheese - null
[2022-03-14T14:57:50.463] [DEBUG] cheese - null
[2022-03-14T14:58:21.245] [DEBUG] cheese - login => username:admin,password:123456
[2022-03-14T14:58:21.246] [DEBUG] cheese - admin
[2022-03-14T14:58:21.249] [DEBUG] cheese - null
[2022-03-14T14:58:21.249] [DEBUG] cheese - null
[2022-03-14T14:59:29.943] [DEBUG] cheese - login => username:admin,password:123456
[2022-03-14T14:59:29.943] [DEBUG] cheese - admin
[2022-03-14T14:59:29.946] [DEBUG] cheese - null
[2022-03-14T14:59:29.946] [DEBUG] cheese - null
[2022-03-14T14:59:49.589] [DEBUG] cheese - login => username:admin,password:123456
[2022-03-14T14:59:49.590] [DEBUG] cheese - admin
[2022-03-14T14:59:49.594] [DEBUG] cheese - null
[2022-03-14T14:59:49.594] [DEBUG] cheese - null
[2022-03-14T15:00:38.728] [DEBUG] cheese - login => username:admin,password:123456
[2022-03-14T15:00:38.728] [DEBUG] cheese - admin
[2022-03-14T15:00:38.731] [DEBUG] cheese - null
[2022-03-14T15:00:38.731] [DEBUG] cheese - null
[2022-03-14T15:01:00.468] [DEBUG] cheese - login => username:admin,password:123456
[2022-03-14T15:01:00.468] [DEBUG] cheese - admin
[2022-03-14T15:01:00.472] [DEBUG] cheese - null
[2022-03-14T15:01:00.472] [DEBUG] cheese - null
[2022-03-14T15:01:38.278] [DEBUG] cheese - login => username:admin,password:123456
[2022-03-14T15:01:38.278] [DEBUG] cheese - admin
[2022-03-14T15:01:38.289] [DEBUG] cheese - null
[2022-03-14T15:01:38.289] [DEBUG] cheese - null
[2022-03-14T15:02:03.464] [DEBUG] cheese - login => username:admin,password:123456
[2022-03-14T15:02:03.464] [DEBUG] cheese - admin
[2022-03-14T15:02:03.469] [DEBUG] cheese - null
[2022-03-14T15:02:03.469] [DEBUG] cheese - null
[2022-03-14T15:08:51.270] [DEBUG] cheese - login => username:admin,password:123456
[2022-03-14T15:08:51.270] [DEBUG] cheese - admin
[2022-03-14T15:08:51.273] [DEBUG] cheese - null
[2022-03-14T15:08:51.273] [DEBUG] cheese - null
[2022-03-14T15:11:16.819] [DEBUG] cheese - login => username:admin,password:123456
[2022-03-14T15:11:16.819] [DEBUG] cheese - admin
[2022-03-14T15:11:16.822] [DEBUG] cheese - null
[2022-03-14T15:11:16.823] [DEBUG] cheese - null
[2022-03-14T15:29:42.853] [DEBUG] cheese - login => username:admin,password:123456
[2022-03-14T15:29:42.854] [DEBUG] cheese - admin
[2022-03-14T15:29:42.857] [DEBUG] cheese - null
[2022-03-14T15:29:42.857] [DEBUG] cheese - null
[2022-03-14T15:41:00.467] [DEBUG] cheese - login => username:admin,password:123456
[2022-03-14T15:41:00.467] [DEBUG] cheese - admin
[2022-03-14T15:41:00.472] [DEBUG] cheese - null
[2022-03-14T15:41:00.472] [DEBUG] cheese - null
[2022-03-14T15:57:49.981] [DEBUG] cheese - login => username:admin,password:123456
[2022-03-14T15:57:49.981] [DEBUG] cheese - admin
[2022-03-14T15:57:49.986] [DEBUG] cheese - null
[2022-03-14T15:57:49.987] [DEBUG] cheese - null
[2022-03-14T16:24:32.616] [DEBUG] cheese - login => username:admin,password:123456
[2022-03-14T16:24:32.617] [DEBUG] cheese - admin
[2022-03-14T16:24:32.641] [DEBUG] cheese - null
[2022-03-14T16:24:32.641] [DEBUG] cheese - null
[2022-03-14T16:29:25.976] [DEBUG] cheese - login => username:admin,password:123456
[2022-03-14T16:29:25.976] [DEBUG] cheese - admin
[2022-03-14T16:29:25.992] [DEBUG] cheese - null
[2022-03-14T16:29:25.992] [DEBUG] cheese - null
[2022-03-14T17:51:38.711] [DEBUG] cheese - login => username:admin,password:123456
[2022-03-14T17:51:38.712] [DEBUG] cheese - admin
[2022-03-14T17:51:38.805] [DEBUG] cheese - null
[2022-03-14T17:51:38.805] [DEBUG] cheese - null
[2022-03-14T18:27:40.953] [DEBUG] cheese - login => username:admin,password:123456
[2022-03-14T18:27:40.953] [DEBUG] cheese - admin
[2022-03-14T18:27:41.000] [DEBUG] cheese - null
[2022-03-14T18:27:41.000] [DEBUG] cheese - null
[2022-03-14T18:48:51.545] [DEBUG] cheese - login => username:admin,password:123456
[2022-03-14T18:48:51.547] [DEBUG] cheese - admin
[2022-03-14T18:48:51.579] [DEBUG] cheese - null
[2022-03-14T18:48:51.579] [DEBUG] cheese - null
[2022-03-14T18:50:28.952] [DEBUG] cheese - login => username:admin,password:123456
[2022-03-14T18:50:28.952] [DEBUG] cheese - admin
[2022-03-14T18:50:28.956] [DEBUG] cheese - null
[2022-03-14T18:50:28.956] [DEBUG] cheese - null
[2022-03-14T20:24:01.935] [DEBUG] cheese - login => username:admin,password:123456
[2022-03-14T20:24:01.939] [DEBUG] cheese - admin
[2022-03-14T20:24:02.015] [DEBUG] cheese - null
[2022-03-14T20:24:02.016] [DEBUG] cheese - null
[2022-03-14T20:24:54.552] [DEBUG] cheese - login => username:admin,password:123456
[2022-03-14T20:24:54.554] [DEBUG] cheese - admin
[2022-03-14T20:24:54.559] [DEBUG] cheese - null
[2022-03-14T20:24:54.559] [DEBUG] cheese - null
[2022-03-14T20:26:35.033] [DEBUG] cheese - login => username:admin,password:123456
[2022-03-14T20:26:35.033] [DEBUG] cheese - admin
[2022-03-14T20:26:35.042] [DEBUG] cheese - null
[2022-03-14T20:26:35.043] [DEBUG] cheese - null
[2022-03-14T20:30:33.617] [DEBUG] cheese - login => username:admin,password:123456
[2022-03-14T20:30:33.617] [DEBUG] cheese - admin
[2022-03-14T20:30:33.621] [DEBUG] cheese - null
[2022-03-14T20:30:33.621] [DEBUG] cheese - null
[2022-03-14T20:31:55.027] [DEBUG] cheese - login => username:admin,password:123456
[2022-03-14T20:31:55.028] [DEBUG] cheese - admin
[2022-03-14T20:31:55.040] [DEBUG] cheese - null
[2022-03-14T20:31:55.040] [DEBUG] cheese - null
[2022-03-14T20:34:44.951] [DEBUG] cheese - login => username:sdssd,password:sasasasa
[2022-03-14T20:34:44.952] [DEBUG] cheese - sdssd
[2022-03-14T20:34:44.958] [DEBUG] cheese - null
[2022-03-14T20:34:44.958] [DEBUG] cheese - null
[2022-03-14T20:34:55.663] [DEBUG] cheese - login => username:admin,password:123456
[2022-03-14T20:34:55.663] [DEBUG] cheese - admin
[2022-03-14T20:34:55.666] [DEBUG] cheese - null
[2022-03-14T20:34:55.666] [DEBUG] cheese - null
[2022-03-14T20:42:27.835] [DEBUG] cheese - login => username:admin,password:123456
[2022-03-14T20:42:27.835] [DEBUG] cheese - admin
[2022-03-14T20:42:27.861] [DEBUG] cheese - null
[2022-03-14T20:42:27.862] [DEBUG] cheese - null
[2022-03-14T20:44:52.532] [DEBUG] cheese - login => username:admin,password:123456
[2022-03-14T20:44:52.532] [DEBUG] cheese - admin
[2022-03-14T20:44:52.536] [DEBUG] cheese - null
[2022-03-14T20:44:52.536] [DEBUG] cheese - null
[2022-03-14T20:47:09.429] [DEBUG] cheese - login => username:d,password:d
[2022-03-14T20:47:09.429] [DEBUG] cheese - d
[2022-03-14T20:47:09.435] [DEBUG] cheese - null
[2022-03-14T20:47:09.435] [DEBUG] cheese - null
[2022-03-14T20:47:11.163] [DEBUG] cheese - login => username:d,password:d
[2022-03-14T20:47:11.163] [DEBUG] cheese - d
[2022-03-14T20:47:11.165] [DEBUG] cheese - null
[2022-03-14T20:47:11.165] [DEBUG] cheese - null
[2022-03-14T20:47:11.515] [DEBUG] cheese - login => username:d,password:d
[2022-03-14T20:47:11.515] [DEBUG] cheese - d
[2022-03-14T20:47:11.518] [DEBUG] cheese - null
[2022-03-14T20:47:11.518] [DEBUG] cheese - null
[2022-03-14T20:47:11.694] [DEBUG] cheese - login => username:d,password:d
[2022-03-14T20:47:11.694] [DEBUG] cheese - d
[2022-03-14T20:47:11.698] [DEBUG] cheese - null
[2022-03-14T20:47:11.698] [DEBUG] cheese - null
[2022-03-14T20:47:11.908] [DEBUG] cheese - login => username:d,password:d
[2022-03-14T20:47:11.908] [DEBUG] cheese - d
[2022-03-14T20:47:11.916] [DEBUG] cheese - null
[2022-03-14T20:47:11.916] [DEBUG] cheese - null
[2022-03-14T20:47:12.070] [DEBUG] cheese - login => username:d,password:d
[2022-03-14T20:47:12.070] [DEBUG] cheese - d
[2022-03-14T20:47:12.074] [DEBUG] cheese - null
[2022-03-14T20:47:12.074] [DEBUG] cheese - null
[2022-03-14T20:47:12.234] [DEBUG] cheese - login => username:d,password:d
[2022-03-14T20:47:12.235] [DEBUG] cheese - d
[2022-03-14T20:47:12.238] [DEBUG] cheese - null
[2022-03-14T20:47:12.239] [DEBUG] cheese - null
[2022-03-14T20:47:15.992] [DEBUG] cheese - login => username:d,password:d
[2022-03-14T20:47:15.992] [DEBUG] cheese - d
[2022-03-14T20:47:15.994] [DEBUG] cheese - null
[2022-03-14T20:47:15.994] [DEBUG] cheese - null
[2022-03-14T20:47:16.142] [DEBUG] cheese - login => username:d,password:d
[2022-03-14T20:47:16.142] [DEBUG] cheese - d
[2022-03-14T20:47:16.151] [DEBUG] cheese - null
[2022-03-14T20:47:16.152] [DEBUG] cheese - null
[2022-03-14T20:47:16.300] [DEBUG] cheese - login => username:d,password:d
[2022-03-14T20:47:16.300] [DEBUG] cheese - d
[2022-03-14T20:47:16.303] [DEBUG] cheese - null
[2022-03-14T20:47:16.303] [DEBUG] cheese - null
[2022-03-14T20:47:16.444] [DEBUG] cheese - login => username:d,password:d
[2022-03-14T20:47:16.444] [DEBUG] cheese - d
[2022-03-14T20:47:16.446] [DEBUG] cheese - null
[2022-03-14T20:47:16.447] [DEBUG] cheese - null
[2022-03-14T20:47:16.637] [DEBUG] cheese - login => username:d,password:d
[2022-03-14T20:47:16.637] [DEBUG] cheese - d
[2022-03-14T20:47:16.639] [DEBUG] cheese - null
[2022-03-14T20:47:16.639] [DEBUG] cheese - null
[2022-03-14T20:48:59.268] [DEBUG] cheese - login => username:admin,password:123456
[2022-03-14T20:48:59.268] [DEBUG] cheese - admin
[2022-03-14T20:48:59.270] [DEBUG] cheese - null
[2022-03-14T20:48:59.271] [DEBUG] cheese - null
[2022-03-14T21:01:30.586] [DEBUG] cheese - login => username:admin,password:123456
[2022-03-14T21:01:30.586] [DEBUG] cheese - admin
[2022-03-14T21:01:30.606] [DEBUG] cheese - null
[2022-03-14T21:01:30.607] [DEBUG] cheese - null
[2022-03-14T21:01:40.662] [DEBUG] cheese - login => username:sasasa,password:asasas
[2022-03-14T21:01:40.662] [DEBUG] cheese - sasasa
[2022-03-14T21:01:40.664] [DEBUG] cheese - null
[2022-03-14T21:01:40.664] [DEBUG] cheese - null
[2022-03-14T21:09:46.999] [DEBUG] cheese - login => username:admin,password:123456
[2022-03-14T21:09:47.000] [DEBUG] cheese - admin
[2022-03-14T21:09:47.016] [DEBUG] cheese - null
[2022-03-14T21:09:47.016] [DEBUG] cheese - null
[2022-03-14T21:10:13.352] [DEBUG] cheese - login => username:admin,password:123456
[2022-03-14T21:10:13.353] [DEBUG] cheese - admin
[2022-03-14T21:10:13.357] [DEBUG] cheese - null
[2022-03-14T21:10:13.357] [DEBUG] cheese - null
[2022-03-14T21:19:49.023] [DEBUG] cheese - login => username:admin,password:123456
[2022-03-14T21:19:49.024] [DEBUG] cheese - admin
[2022-03-14T21:19:49.033] [DEBUG] cheese - null
[2022-03-14T21:19:49.034] [DEBUG] cheese - null
[2022-03-14T21:22:59.022] [DEBUG] cheese - login => username:admin,password:123456
[2022-03-14T21:22:59.022] [DEBUG] cheese - admin
[2022-03-14T21:22:59.029] [DEBUG] cheese - null
[2022-03-14T21:22:59.030] [DEBUG] cheese - null
[2022-03-14T21:26:42.536] [DEBUG] cheese - login => username:admin,password:123456
[2022-03-14T21:26:42.538] [DEBUG] cheese - admin
[2022-03-14T21:26:42.546] [DEBUG] cheese - null
[2022-03-14T21:26:42.546] [DEBUG] cheese - null
[2022-03-14T21:37:32.822] [DEBUG] cheese - login => username:admin,password:123456
[2022-03-14T21:37:32.822] [DEBUG] cheese - admin
[2022-03-14T21:37:32.831] [DEBUG] cheese - null
[2022-03-14T21:37:32.831] [DEBUG] cheese - null
[2022-03-14T21:38:15.995] [DEBUG] cheese - login => username:admin,password:123456
[2022-03-14T21:38:15.996] [DEBUG] cheese - admin
[2022-03-14T21:38:16.018] [DEBUG] cheese - null
[2022-03-14T21:38:16.019] [DEBUG] cheese - null
[2022-03-14T23:09:15.252] [DEBUG] cheese - login => username:admin,password:123456
[2022-03-14T23:09:15.254] [DEBUG] cheese - admin
[2022-03-14T23:09:15.330] [DEBUG] cheese - null
[2022-03-14T23:09:15.330] [DEBUG] cheese - null
[2022-03-15T11:20:10.678] [DEBUG] cheese - login => username:admin,password:123456
[2022-03-15T11:20:10.680] [DEBUG] cheese - admin
[2022-03-15T11:20:10.752] [DEBUG] cheese - null
[2022-03-15T11:20:10.754] [DEBUG] cheese - null
[2022-03-15T15:55:58.736] [DEBUG] cheese - login => username:admin,password:123456
[2022-03-15T15:55:58.747] [DEBUG] cheese - admin
[2022-03-15T15:55:58.841] [DEBUG] cheese - null
[2022-03-15T15:55:58.843] [DEBUG] cheese - null
[2022-03-15T17:06:14.054] [DEBUG] cheese - login => username:admin,password:123456
[2022-03-15T17:06:14.057] [DEBUG] cheese - admin
[2022-03-15T17:06:14.110] [DEBUG] cheese - null
[2022-03-15T17:06:14.111] [DEBUG] cheese - null
[2022-03-15T20:40:41.997] [DEBUG] cheese - login => username:admin,password:123456
[2022-03-15T20:40:42.010] [DEBUG] cheese - admin
[2022-03-15T20:40:42.051] [DEBUG] cheese - null
[2022-03-15T20:40:42.051] [DEBUG] cheese - null
[2022-03-15T20:43:17.717] [DEBUG] cheese - login => username:admin,password:123456
[2022-03-15T20:43:17.726] [DEBUG] cheese - admin
[2022-03-15T20:43:17.735] [DEBUG] cheese - null
[2022-03-15T20:43:17.737] [DEBUG] cheese - null
[2022-03-15T21:29:21.803] [DEBUG] cheese - login => username:admin,password:123456
[2022-03-15T21:29:21.806] [DEBUG] cheese - admin
[2022-03-15T21:29:21.817] [DEBUG] cheese - null
[2022-03-15T21:29:21.819] [DEBUG] cheese - null
[2022-03-16T12:09:55.303] [DEBUG] cheese - login => username:admin,password:123456
[2022-03-16T12:09:55.305] [DEBUG] cheese - admin
[2022-03-16T12:09:55.327] [DEBUG] cheese - null
[2022-03-16T12:09:55.328] [DEBUG] cheese - null
[2022-03-16T17:26:42.867] [DEBUG] cheese - login => username:admin,password:123456
[2022-03-16T17:26:42.886] [DEBUG] cheese - admin
[2022-03-16T17:26:42.931] [DEBUG] cheese - null
[2022-03-16T17:26:42.933] [DEBUG] cheese - null
[2022-03-16T17:48:38.614] [DEBUG] cheese - login => username:admin,password:123456
[2022-03-16T17:48:38.616] [DEBUG] cheese - admin
[2022-03-16T17:48:38.622] [DEBUG] cheese - null
[2022-03-16T17:48:38.622] [DEBUG] cheese - null
[2022-03-16T17:52:45.225] [DEBUG] cheese - login => username:admin,password:123456
[2022-03-16T17:52:45.225] [DEBUG] cheese - admin
[2022-03-16T17:52:45.230] [DEBUG] cheese - null
[2022-03-16T17:52:45.231] [DEBUG] cheese - null
[2022-03-16T18:41:49.335] [DEBUG] cheese - login => username:admin,password:123456
[2022-03-16T18:41:49.337] [DEBUG] cheese - admin
[2022-03-16T18:41:49.467] [DEBUG] cheese - null
[2022-03-16T18:41:49.467] [DEBUG] cheese - null
[2022-03-17T11:37:14.993] [DEBUG] cheese - login => username:yuan,password:123456
[2022-03-17T11:37:14.998] [DEBUG] cheese - yuan
[2022-03-17T11:37:15.080] [DEBUG] cheese - null
[2022-03-17T11:37:15.081] [DEBUG] cheese - null
[2022-03-17T11:37:28.800] [DEBUG] cheese - login => username:admin,password:123456
[2022-03-17T11:37:28.802] [DEBUG] cheese - admin
[2022-03-17T11:37:28.812] [DEBUG] cheese - null
[2022-03-17T11:37:28.812] [DEBUG] cheese - null
[2022-03-17T11:44:38.734] [DEBUG] cheese - login => username:admin,password:123456
[2022-03-17T11:44:38.736] [DEBUG] cheese - admin
[2022-03-17T11:44:38.745] [DEBUG] cheese - null
[2022-03-17T11:44:38.746] [DEBUG] cheese - null
[2022-03-17T21:00:49.996] [DEBUG] cheese - null
[2022-03-17T21:02:20.481] [DEBUG] cheese - null
[2022-03-17T21:03:00.300] [DEBUG] cheese - null
[2022-03-17T21:04:40.151] [DEBUG] cheese - null
[2022-03-17T21:24:16.999] [DEBUG] cheese - login => username:admin,password:123456
[2022-03-17T21:24:17.000] [DEBUG] cheese - admin
[2022-03-17T21:24:17.054] [DEBUG] cheese - null
[2022-03-17T21:24:17.054] [DEBUG] cheese - null
[2022-03-17T22:44:44.557] [DEBUG] cheese - login => username:admin,password:123456
[2022-03-17T22:44:44.559] [DEBUG] cheese - admin
[2022-03-17T22:44:44.589] [DEBUG] cheese - null
[2022-03-17T22:44:44.589] [DEBUG] cheese - null
[2022-03-17T23:00:35.358] [DEBUG] cheese - login => username:admin,password:123456
[2022-03-17T23:00:35.359] [DEBUG] cheese - admin
[2022-03-17T23:00:35.363] [DEBUG] cheese - null
[2022-03-17T23:00:35.364] [DEBUG] cheese - null
[2022-03-18T11:24:49.214] [DEBUG] cheese - login => username:admin,password:123456
[2022-03-18T11:24:49.220] [DEBUG] cheese - admin
[2022-03-18T11:24:49.282] [DEBUG] cheese - null
[2022-03-18T11:24:49.283] [DEBUG] cheese - null
[2022-03-18T11:30:10.745] [DEBUG] cheese - login => username:admin,password:123456
[2022-03-18T11:30:10.746] [DEBUG] cheese - admin
[2022-03-18T11:30:10.751] [DEBUG] cheese - null
[2022-03-18T11:30:10.751] [DEBUG] cheese - null
[2022-03-18T13:21:06.073] [DEBUG] cheese - login => username:admin,password:123456
[2022-03-18T13:21:06.075] [DEBUG] cheese - admin
[2022-03-18T13:21:06.081] [DEBUG] cheese - null
[2022-03-18T13:21:06.081] [DEBUG] cheese - null
[2022-03-18T16:48:05.259] [DEBUG] cheese - login => username:admin,password:123456
[2022-03-18T16:48:05.270] [DEBUG] cheese - admin
[2022-03-18T16:48:05.285] [DEBUG] cheese - null
[2022-03-18T16:48:05.287] [DEBUG] cheese - null
[2022-03-18T16:50:46.522] [DEBUG] cheese - login => username:admin,password:123456
[2022-03-18T16:50:46.522] [DEBUG] cheese - admin
[2022-03-18T16:50:46.530] [DEBUG] cheese - null
[2022-03-18T16:50:46.530] [DEBUG] cheese - null
[2022-03-18T16:53:02.710] [DEBUG] cheese - login => username:admin,password:123456
[2022-03-18T16:53:02.710] [DEBUG] cheese - admin
[2022-03-18T16:53:02.713] [DEBUG] cheese - null
[2022-03-18T16:53:02.713] [DEBUG] cheese - null
[2022-03-18T16:53:23.189] [DEBUG] cheese - login => username:admin,password:123456
[2022-03-18T16:53:23.189] [DEBUG] cheese - admin
[2022-03-18T16:53:23.193] [DEBUG] cheese - null
[2022-03-18T16:53:23.193] [DEBUG] cheese - null
[2022-03-18T16:54:45.420] [DEBUG] cheese - login => username:admin,password:123456
[2022-03-18T16:54:45.420] [DEBUG] cheese - admin
[2022-03-18T16:54:45.421] [DEBUG] cheese - null
[2022-03-18T16:54:45.422] [DEBUG] cheese - null
[2022-03-18T16:55:46.952] [DEBUG] cheese - login => username:admin,password:123456
[2022-03-18T16:55:46.952] [DEBUG] cheese - admin
[2022-03-18T16:55:46.957] [DEBUG] cheese - null
[2022-03-18T16:55:46.957] [DEBUG] cheese - null
[2022-03-18T16:56:13.259] [DEBUG] cheese - login => username:admin,password:123456
[2022-03-18T16:56:13.259] [DEBUG] cheese - admin
[2022-03-18T16:56:13.261] [DEBUG] cheese - null
[2022-03-18T16:56:13.261] [DEBUG] cheese - null
[2022-03-18T16:57:08.821] [DEBUG] cheese - login => username:admin,password:123456
[2022-03-18T16:57:08.821] [DEBUG] cheese - admin
[2022-03-18T16:57:08.823] [DEBUG] cheese - null
[2022-03-18T16:57:08.823] [DEBUG] cheese - null
[2022-03-18T16:57:24.542] [DEBUG] cheese - login => username:admin,password:123456
[2022-03-18T16:57:24.542] [DEBUG] cheese - admin
[2022-03-18T16:57:24.547] [DEBUG] cheese - null
[2022-03-18T16:57:24.547] [DEBUG] cheese - null
[2022-03-18T17:07:58.885] [DEBUG] cheese - login => username:admin,password:123456
[2022-03-18T17:07:58.885] [DEBUG] cheese - admin
[2022-03-18T17:07:58.888] [DEBUG] cheese - null
[2022-03-18T17:07:58.888] [DEBUG] cheese - null
[2022-03-18T22:06:28.248] [DEBUG] cheese - null
[2022-03-18T22:07:30.619] [DEBUG] cheese - null
[2022-03-18T22:11:21.182] [DEBUG] cheese - null
[2022-03-18T22:12:19.638] [DEBUG] cheese - null
[2022-03-18T22:12:54.581] [DEBUG] cheese - null
[2022-03-18T22:16:18.574] [DEBUG] cheese - null
[2022-03-18T22:23:12.546] [DEBUG] cheese - null
[2022-03-18T22:24:02.981] [DEBUG] cheese - null
[2022-03-18T22:25:04.869] [DEBUG] cheese - null
[2022-03-18T22:25:27.808] [DEBUG] cheese - null
[2022-03-18T22:26:01.946] [DEBUG] cheese - null
[2022-03-18T22:26:30.602] [DEBUG] cheese - null
[2022-03-18T22:26:58.760] [DEBUG] cheese - null
[2022-03-18T22:27:06.620] [DEBUG] cheese - null
[2022-03-18T22:44:10.718] [DEBUG] cheese - null
[2022-03-18T22:48:49.509] [DEBUG] cheese - null
[2022-03-18T22:51:17.681] [DEBUG] cheese - null
[2022-03-18T22:51:40.537] [DEBUG] cheese - null
[2022-03-18T22:52:13.215] [DEBUG] cheese - null
[2022-03-18T22:52:41.277] [DEBUG] cheese - null
[2022-03-18T22:56:46.592] [DEBUG] cheese - null
[2022-03-18T22:57:57.811] [DEBUG] cheese - null
[2022-03-18T23:03:19.852] [DEBUG] cheese - null
[2022-03-18T23:05:23.836] [DEBUG] cheese - null
[2022-03-18T23:05:56.238] [DEBUG] cheese - null
[2022-03-18T23:06:56.463] [DEBUG] cheese - null
[2022-03-18T23:07:49.853] [DEBUG] cheese - null
[2022-03-18T23:10:52.725] [DEBUG] cheese - null
[2022-03-18T23:12:07.197] [DEBUG] cheese - null
[2022-03-18T23:13:49.978] [DEBUG] cheese - null
[2022-03-18T23:14:25.456] [DEBUG] cheese - null
[2022-03-18T23:18:18.222] [DEBUG] cheese - null
[2022-03-18T23:29:46.409] [DEBUG] cheese - null
[2022-03-19T11:24:16.793] [DEBUG] cheese - login => username:admin,password:123456
[2022-03-19T11:24:16.795] [DEBUG] cheese - admin
[2022-03-19T11:24:16.848] [DEBUG] cheese - null
[2022-03-19T11:24:16.848] [DEBUG] cheese - null
[2022-03-19T15:58:01.071] [DEBUG] cheese - login => username:admin,password:123456
[2022-03-19T15:58:01.081] [DEBUG] cheese - admin
[2022-03-19T15:58:01.096] [DEBUG] cheese - null
[2022-03-19T15:58:01.097] [DEBUG] cheese - null
[2022-03-19T16:34:28.836] [DEBUG] cheese - login => username:admin,password:123456
[2022-03-19T16:34:28.845] [DEBUG] cheese - admin
[2022-03-19T16:34:28.870] [DEBUG] cheese - null
[2022-03-19T16:34:28.872] [DEBUG] cheese - null
[2022-03-19T16:45:17.691] [DEBUG] cheese - login => username:admin,password:123456
[2022-03-19T16:45:17.692] [DEBUG] cheese - admin
[2022-03-19T16:45:17.697] [DEBUG] cheese - null
[2022-03-19T16:45:17.697] [DEBUG] cheese - null
[2022-03-19T16:46:11.507] [DEBUG] cheese - login => username:admin,password:123456
[2022-03-19T16:46:11.508] [DEBUG] cheese - admin
[2022-03-19T16:46:11.518] [DEBUG] cheese - null
[2022-03-19T16:46:11.519] [DEBUG] cheese - null
[2022-03-19T16:46:31.142] [DEBUG] cheese - login => username:admin,password:123456
[2022-03-19T16:46:31.142] [DEBUG] cheese - admin
[2022-03-19T16:46:31.151] [DEBUG] cheese - null
[2022-03-19T16:46:31.152] [DEBUG] cheese - null
[2022-03-19T16:49:30.738] [DEBUG] cheese - login => username:admin,password:123456
[2022-03-19T16:49:30.739] [DEBUG] cheese - admin
[2022-03-19T16:49:30.747] [DEBUG] cheese - null
[2022-03-19T16:49:30.748] [DEBUG] cheese - null
[2022-03-19T16:56:38.092] [DEBUG] cheese - login => username:admin,password:123456
[2022-03-19T16:56:38.092] [DEBUG] cheese - admin
[2022-03-19T16:56:38.094] [DEBUG] cheese - null
[2022-03-19T16:56:38.094] [DEBUG] cheese - null
[2022-03-19T16:58:16.464] [DEBUG] cheese - login => username:admin,password:123456
[2022-03-19T16:58:16.465] [DEBUG] cheese - admin
[2022-03-19T16:58:16.474] [DEBUG] cheese - null
[2022-03-19T16:58:16.475] [DEBUG] cheese - null
[2022-03-19T16:58:32.652] [DEBUG] cheese - login => username:admin,password:123456
[2022-03-19T16:58:32.652] [DEBUG] cheese - admin
[2022-03-19T16:58:32.658] [DEBUG] cheese - null
[2022-03-19T16:58:32.658] [DEBUG] cheese - null
[2022-03-19T17:06:25.513] [DEBUG] cheese - login => username:admin,password:123456
[2022-03-19T17:06:25.514] [DEBUG] cheese - admin
[2022-03-19T17:06:25.522] [DEBUG] cheese - null
[2022-03-19T17:06:25.523] [DEBUG] cheese - null
[2022-03-19T17:10:03.203] [DEBUG] cheese - login => username:admin,password:123456
[2022-03-19T17:10:03.204] [DEBUG] cheese - admin
[2022-03-19T17:10:03.209] [DEBUG] cheese - null
[2022-03-19T17:10:03.209] [DEBUG] cheese - null
[2022-03-19T17:18:47.251] [DEBUG] cheese - login => username:admin,password:123456
[2022-03-19T17:18:47.251] [DEBUG] cheese - admin
[2022-03-19T17:18:47.255] [DEBUG] cheese - null
[2022-03-19T17:18:47.257] [DEBUG] cheese - null
[2022-03-19T17:24:20.219] [DEBUG] cheese - login => username:admin,password:123456
[2022-03-19T17:24:20.219] [DEBUG] cheese - admin
[2022-03-19T17:24:20.223] [DEBUG] cheese - null
[2022-03-19T17:24:20.224] [DEBUG] cheese - null
[2022-03-19T20:53:25.477] [DEBUG] cheese - login => username:admin,password:123456
[2022-03-19T20:53:25.481] [DEBUG] cheese - admin
[2022-03-19T20:53:25.519] [DEBUG] cheese - null
[2022-03-19T20:53:25.522] [DEBUG] cheese - null
[2022-03-20T11:04:35.566] [DEBUG] cheese - login => username:admin,password:123456
[2022-03-20T11:04:35.569] [DEBUG] cheese - admin
[2022-03-20T11:04:35.616] [DEBUG] cheese - null
[2022-03-20T11:04:35.617] [DEBUG] cheese - null
[2022-03-20T14:46:42.144] [DEBUG] cheese - login => username:admin,password:123456
[2022-03-20T14:46:42.151] [DEBUG] cheese - admin
[2022-03-20T14:46:42.161] [DEBUG] cheese - null
[2022-03-20T14:46:42.162] [DEBUG] cheese - null
[2022-03-21T12:05:50.858] [DEBUG] cheese - login => username:admin,password:123456
[2022-03-21T12:05:50.861] [DEBUG] cheese - admin
[2022-03-21T12:05:50.903] [DEBUG] cheese - null
[2022-03-21T12:05:50.904] [DEBUG] cheese - null
[2022-03-21T13:37:41.062] [DEBUG] cheese - login => username:admin,password:123456
[2022-03-21T13:37:41.066] [DEBUG] cheese - admin
[2022-03-21T13:37:41.083] [DEBUG] cheese - null
[2022-03-21T13:37:41.087] [DEBUG] cheese - null
[2022-03-21T14:08:02.785] [DEBUG] cheese - login => username:admin,password:123456
[2022-03-21T14:08:02.787] [DEBUG] cheese - admin
[2022-03-21T14:08:02.972] [DEBUG] cheese - null
[2022-03-21T14:08:02.973] [DEBUG] cheese - null
[2022-03-21T14:39:20.467] [DEBUG] cheese - login => username:admin,password:123456
[2022-03-21T14:39:20.470] [DEBUG] cheese - admin
[2022-03-21T14:39:20.475] [DEBUG] cheese - null
[2022-03-21T14:39:20.476] [DEBUG] cheese - null
[2022-03-21T15:12:50.576] [DEBUG] cheese - login => username:admin,password:123456
[2022-03-21T15:12:50.578] [DEBUG] cheese - admin
[2022-03-21T15:12:50.591] [DEBUG] cheese - null
[2022-03-21T15:12:50.592] [DEBUG] cheese - null
[2022-03-21T15:28:50.160] [DEBUG] cheese - null
[2022-03-21T15:28:53.002] [DEBUG] cheese - null
[2022-03-21T15:28:55.412] [DEBUG] cheese - null
[2022-03-21T15:29:00.128] [DEBUG] cheese - null
[2022-03-21T18:39:22.159] [DEBUG] cheese - login => username:admin,password:123456
[2022-03-21T18:39:22.163] [DEBUG] cheese - admin
[2022-03-21T18:39:22.176] [DEBUG] cheese - null
[2022-03-21T18:39:22.179] [DEBUG] cheese - null
[2022-03-21T23:14:25.701] [DEBUG] cheese - login => username:admin,password:123456
[2022-03-21T23:14:25.703] [DEBUG] cheese - admin
[2022-03-21T23:14:25.755] [DEBUG] cheese - null
[2022-03-21T23:14:25.755] [DEBUG] cheese - null
[2022-03-22T12:20:57.887] [DEBUG] cheese - login => username:admin,password:123456
[2022-03-22T12:20:57.889] [DEBUG] cheese - admin
[2022-03-22T12:20:57.943] [DEBUG] cheese - null
[2022-03-22T12:20:57.944] [DEBUG] cheese - null
[2022-03-22T13:11:52.691] [DEBUG] cheese - login => username:admin,password:123456
[2022-03-22T13:11:52.697] [DEBUG] cheese - admin
[2022-03-22T13:11:52.703] [DEBUG] cheese - null
[2022-03-22T13:11:52.706] [DEBUG] cheese - null
[2022-03-22T19:58:39.425] [DEBUG] cheese - login => username:admin,password:123456
[2022-03-22T19:58:39.432] [DEBUG] cheese - admin
[2022-03-22T19:58:39.455] [DEBUG] cheese - null
[2022-03-22T19:58:39.456] [DEBUG] cheese - null
[2022-03-22T21:50:11.268] [DEBUG] cheese - login => username:admin,password:123456
[2022-03-22T21:50:11.273] [DEBUG] cheese - admin
[2022-03-22T21:50:11.284] [DEBUG] cheese - null
[2022-03-22T21:50:11.285] [DEBUG] cheese - null
[2022-03-22T22:00:43.463] [DEBUG] cheese - login => username:admin,password:123456
[2022-03-22T22:00:43.465] [DEBUG] cheese - admin
[2022-03-22T22:00:43.472] [DEBUG] cheese - null
[2022-03-22T22:00:43.473] [DEBUG] cheese - null
[2022-03-23T13:39:37.897] [DEBUG] cheese - login => username:admin,password:123456
[2022-03-23T13:39:37.900] [DEBUG] cheese - admin
[2022-03-23T13:39:37.958] [DEBUG] cheese - null
[2022-03-23T13:39:37.960] [DEBUG] cheese - null
[2022-03-23T21:12:26.758] [DEBUG] cheese - login => username:admin,password:123456
[2022-03-23T21:12:26.763] [DEBUG] cheese - admin
[2022-03-23T21:12:26.774] [DEBUG] cheese - null
[2022-03-23T21:12:26.778] [DEBUG] cheese - null
[2022-03-23T23:04:26.965] [DEBUG] cheese - login => username:admin,password:123456
[2022-03-23T23:04:26.967] [DEBUG] cheese - admin
[2022-03-23T23:04:27.030] [DEBUG] cheese - null
[2022-03-23T23:04:27.031] [DEBUG] cheese - null
[2022-03-23T23:23:27.220] [DEBUG] cheese - null
[2022-03-23T23:28:17.479] [DEBUG] cheese - null
[2022-03-23T23:37:32.943] [DEBUG] cheese - null
[2022-03-23T23:46:53.555] [DEBUG] cheese - null
[2022-03-24T13:56:23.944] [DEBUG] cheese - login => username:admin,password:123456
[2022-03-24T13:56:23.946] [DEBUG] cheese - admin
[2022-03-24T13:56:23.988] [DEBUG] cheese - null
[2022-03-24T13:56:23.989] [DEBUG] cheese - null
[2022-03-24T14:34:30.623] [DEBUG] cheese - null
[2022-03-24T14:39:02.853] [DEBUG] cheese - null
[2022-03-24T15:04:51.213] [DEBUG] cheese - null
[2022-03-24T15:05:24.403] [DEBUG] cheese - null
[2022-03-24T15:06:46.918] [DEBUG] cheese - null
[2022-03-24T15:08:36.257] [DEBUG] cheese - null
[2022-03-24T15:13:03.539] [DEBUG] cheese - null
[2022-03-24T15:13:49.934] [DEBUG] cheese - null
[2022-03-24T15:14:44.886] [DEBUG] cheese - null
[2022-03-24T15:15:17.345] [DEBUG] cheese - null
[2022-03-24T15:18:21.429] [DEBUG] cheese - null
[2022-03-24T15:33:08.581] [DEBUG] cheese - null
[2022-03-24T15:36:24.750] [DEBUG] cheese - null
[2022-03-24T15:38:05.332] [DEBUG] cheese - null
[2022-03-24T15:38:57.937] [DEBUG] cheese - null
[2022-03-24T15:39:15.453] [DEBUG] cheese - null
[2022-03-24T15:42:01.418] [DEBUG] cheese - null
[2022-03-24T15:44:37.437] [DEBUG] cheese - null
[2022-03-24T15:51:29.860] [DEBUG] cheese - null
[2022-03-24T16:01:51.633] [DEBUG] cheese - null
[2022-03-24T16:01:53.904] [DEBUG] cheese - null
[2022-03-24T16:02:03.991] [DEBUG] cheese - null
[2022-03-24T16:02:39.960] [DEBUG] cheese - null
[2022-03-24T16:04:01.503] [DEBUG] cheese - null
[2022-03-24T16:05:39.113] [DEBUG] cheese - null
[2022-03-24T16:07:54.533] [DEBUG] cheese - null
[2022-03-24T16:07:57.753] [DEBUG] cheese - null
[2022-03-24T16:09:34.624] [DEBUG] cheese - null
[2022-03-24T16:09:57.926] [DEBUG] cheese - null
[2022-03-24T16:13:13.135] [DEBUG] cheese - null
[2022-03-24T16:13:45.352] [DEBUG] cheese - null
[2022-03-24T16:16:55.268] [DEBUG] cheese - null
[2022-03-24T16:16:55.291] [DEBUG] cheese - null
[2022-03-24T16:16:55.297] [DEBUG] cheese - null
[2022-03-24T16:17:28.095] [DEBUG] cheese - null
[2022-03-24T16:19:06.309] [DEBUG] cheese - null
[2022-03-24T16:20:27.287] [DEBUG] cheese - null
[2022-03-24T16:21:07.830] [DEBUG] cheese - null
[2022-03-24T16:24:49.700] [DEBUG] cheese - null
[2022-03-24T16:25:12.566] [DEBUG] cheese - null
[2022-03-24T16:25:45.284] [DEBUG] cheese - null
[2022-03-24T16:25:47.050] [DEBUG] cheese - null
[2022-03-24T16:26:54.977] [DEBUG] cheese - null
[2022-03-24T16:46:10.967] [DEBUG] cheese - login => username:admin,password:123456
[2022-03-24T16:46:10.967] [DEBUG] cheese - admin
[2022-03-24T16:46:10.982] [DEBUG] cheese - null
[2022-03-24T16:46:10.983] [DEBUG] cheese - null
[2022-03-24T17:34:00.329] [DEBUG] cheese - login => username:admin,password:123456
[2022-03-24T17:34:00.331] [DEBUG] cheese - admin
[2022-03-24T17:34:00.338] [DEBUG] cheese - null
[2022-03-24T17:34:00.338] [DEBUG] cheese - null
[2022-03-24T17:45:27.281] [DEBUG] cheese - login => username:admin,password:123456
[2022-03-24T17:45:27.284] [DEBUG] cheese - admin
[2022-03-24T17:45:27.297] [DEBUG] cheese - null
[2022-03-24T17:45:27.298] [DEBUG] cheese - null
[2022-03-24T17:52:42.949] [DEBUG] cheese - null
[2022-03-24T17:52:46.339] [DEBUG] cheese - null
[2022-03-24T17:52:56.632] [DEBUG] cheese - null
[2022-03-24T17:53:10.415] [DEBUG] cheese - null
[2022-03-24T17:53:41.503] [DEBUG] cheese - null
[2022-03-24T17:53:43.559] [DEBUG] cheese - null
[2022-03-24T17:53:52.045] [DEBUG] cheese - null
[2022-03-24T17:55:13.731] [DEBUG] cheese - null
[2022-03-24T22:50:03.537] [DEBUG] cheese - login => username:admin,password:123456
[2022-03-24T22:50:03.544] [DEBUG] cheese - admin
[2022-03-24T22:50:03.593] [DEBUG] cheese - null
[2022-03-24T22:50:03.594] [DEBUG] cheese - null
[2022-03-24T22:53:18.948] [DEBUG] cheese - login => username:admin,password:123456
[2022-03-24T22:53:18.949] [DEBUG] cheese - admin
[2022-03-24T22:53:18.965] [DEBUG] cheese - null
[2022-03-24T22:53:18.965] [DEBUG] cheese - null
[2022-03-25T13:28:37.127] [DEBUG] cheese - login => username:admin,password:123456
[2022-03-25T13:28:37.128] [DEBUG] cheese - admin
[2022-03-25T13:28:37.185] [DEBUG] cheese - null
[2022-03-25T13:28:37.186] [DEBUG] cheese - null
[2022-03-25T13:46:36.280] [DEBUG] cheese - login => username:admin,password:123456
[2022-03-25T13:46:36.281] [DEBUG] cheese - admin
[2022-03-25T13:46:36.294] [DEBUG] cheese - null
[2022-03-25T13:46:36.295] [DEBUG] cheese - null
[2022-03-25T15:49:51.952] [DEBUG] cheese - login => username:admin,password:123456
[2022-03-25T15:49:51.963] [DEBUG] cheese - admin
[2022-03-25T15:49:52.041] [DEBUG] cheese - null
[2022-03-25T15:49:52.042] [DEBUG] cheese - null
[2022-03-25T16:04:19.111] [DEBUG] cheese - login => username:admin,password:123456
[2022-03-25T16:04:19.112] [DEBUG] cheese - admin
[2022-03-25T16:04:19.140] [DEBUG] cheese - null
[2022-03-25T16:04:19.140] [DEBUG] cheese - null
[2022-03-25T16:08:56.993] [DEBUG] cheese - null
[2022-03-25T16:09:00.498] [DEBUG] cheese - null
[2022-03-25T16:09:01.184] [DEBUG] cheese - null
[2022-03-25T16:09:01.549] [DEBUG] cheese - null
[2022-03-25T16:09:02.285] [DEBUG] cheese - null
[2022-03-25T16:09:03.010] [DEBUG] cheese - null
[2022-03-25T16:09:03.831] [DEBUG] cheese - null
[2022-03-25T16:09:04.454] [DEBUG] cheese - null
[2022-03-25T16:09:09.814] [DEBUG] cheese - null
[2022-03-25T16:10:19.913] [DEBUG] cheese - null
[2022-03-25T16:10:19.943] [DEBUG] cheese - null
[2022-03-25T16:18:06.377] [DEBUG] cheese - login => username:admin,password:123456
[2022-03-25T16:18:06.379] [DEBUG] cheese - admin
[2022-03-25T16:18:06.444] [DEBUG] cheese - null
[2022-03-25T16:18:06.444] [DEBUG] cheese - null
[2022-03-25T19:03:24.139] [DEBUG] cheese - login => username:admin,password:123456
[2022-03-25T19:03:24.141] [DEBUG] cheese - admin
[2022-03-25T19:03:24.311] [DEBUG] cheese - null
[2022-03-25T19:03:24.312] [DEBUG] cheese - null
[2022-03-25T19:03:44.981] [DEBUG] cheese - login => username:admin,password:123456
[2022-03-25T19:03:44.981] [DEBUG] cheese - admin
[2022-03-25T19:03:44.984] [DEBUG] cheese - null
[2022-03-25T19:03:44.985] [DEBUG] cheese - null
[2022-03-25T19:09:49.085] [DEBUG] cheese - login => username:admin,password:123456
[2022-03-25T19:09:49.086] [DEBUG] cheese - admin
[2022-03-25T19:09:49.092] [DEBUG] cheese - null
[2022-03-25T19:09:49.092] [DEBUG] cheese - null
[2022-03-25T19:09:57.981] [DEBUG] cheese - login => username:admin,password:123456
[2022-03-25T19:09:57.981] [DEBUG] cheese - admin
[2022-03-25T19:09:57.986] [DEBUG] cheese - null
[2022-03-25T19:09:57.987] [DEBUG] cheese - null
[2022-03-25T19:10:09.435] [DEBUG] cheese - login => username:admin,password:123456
[2022-03-25T19:10:09.436] [DEBUG] cheese - admin
[2022-03-25T19:10:09.445] [DEBUG] cheese - null
[2022-03-25T19:10:09.445] [DEBUG] cheese - null
[2022-03-25T19:10:30.150] [DEBUG] cheese - login => username:admin,password:123456
[2022-03-25T19:10:30.151] [DEBUG] cheese - admin
[2022-03-25T19:10:30.156] [DEBUG] cheese - null
[2022-03-25T19:10:30.156] [DEBUG] cheese - null
[2022-03-25T19:11:36.845] [DEBUG] cheese - login => username:admin,password:123456
[2022-03-25T19:11:36.846] [DEBUG] cheese - admin
[2022-03-25T19:11:36.849] [DEBUG] cheese - null
[2022-03-25T19:11:36.849] [DEBUG] cheese - null
[2022-03-25T19:12:10.696] [DEBUG] cheese - login => username:admin,password:123456
[2022-03-25T19:12:10.696] [DEBUG] cheese - admin
[2022-03-25T19:12:10.699] [DEBUG] cheese - null
[2022-03-25T19:12:10.699] [DEBUG] cheese - null
[2022-03-25T19:12:23.643] [DEBUG] cheese - login => username:admin,password:123456
[2022-03-25T19:12:23.644] [DEBUG] cheese - admin
[2022-03-25T19:12:23.655] [DEBUG] cheese - null
[2022-03-25T19:12:23.656] [DEBUG] cheese - null
[2022-03-25T19:12:45.540] [DEBUG] cheese - login => username:admin,password:123456
[2022-03-25T19:12:45.541] [DEBUG] cheese - admin
[2022-03-25T19:12:45.545] [DEBUG] cheese - null
[2022-03-25T19:12:45.545] [DEBUG] cheese - null
[2022-03-25T21:44:59.257] [DEBUG] cheese - login => username:admin,password:123456
[2022-03-25T21:44:59.273] [DEBUG] cheese - admin
[2022-03-25T21:44:59.301] [DEBUG] cheese - null
[2022-03-25T21:44:59.302] [DEBUG] cheese - null
[2022-03-25T22:33:01.528] [DEBUG] cheese - login => username:admin,password:123456
[2022-03-25T22:33:01.535] [DEBUG] cheese - admin
[2022-03-25T22:33:01.540] [DEBUG] cheese - null
[2022-03-25T22:33:01.541] [DEBUG] cheese - null
[2022-03-25T22:48:10.445] [DEBUG] cheese - login => username:admin,password:123456
[2022-03-25T22:48:10.457] [DEBUG] cheese - admin
[2022-03-25T22:48:10.512] [DEBUG] cheese - null
[2022-03-25T22:48:10.514] [DEBUG] cheese - null
[2022-03-25T23:17:07.394] [DEBUG] cheese - login => username:admin,password:123456
[2022-03-25T23:17:07.400] [DEBUG] cheese - admin
[2022-03-25T23:17:07.454] [DEBUG] cheese - null
[2022-03-25T23:17:07.455] [DEBUG] cheese - null
[2022-03-26T14:15:16.219] [DEBUG] cheese - login => username:admin,password:123456
[2022-03-26T14:15:16.223] [DEBUG] cheese - admin
[2022-03-26T14:15:16.335] [DEBUG] cheese - null
[2022-03-26T14:15:16.336] [DEBUG] cheese - null
[2022-03-26T14:35:51.061] [DEBUG] cheese - login => username:admin,password:123456
[2022-03-26T14:35:51.063] [DEBUG] cheese - admin
[2022-03-26T14:35:51.069] [DEBUG] cheese - null
[2022-03-26T14:35:51.070] [DEBUG] cheese - null
[2022-03-26T14:38:02.682] [DEBUG] cheese - login => username:admin,password:123456
[2022-03-26T14:38:02.682] [DEBUG] cheese - admin
[2022-03-26T14:38:02.686] [DEBUG] cheese - null
[2022-03-26T14:38:02.686] [DEBUG] cheese - null
[2022-03-26T14:40:50.607] [DEBUG] cheese - login => username:admin,password:123456
[2022-03-26T14:40:50.610] [DEBUG] cheese - admin
[2022-03-26T14:40:50.615] [DEBUG] cheese - null
[2022-03-26T14:40:50.616] [DEBUG] cheese - null
[2022-03-26T14:43:15.719] [DEBUG] cheese - login => username:admin,password:123456
[2022-03-26T14:43:15.719] [DEBUG] cheese - admin
[2022-03-26T14:43:15.722] [DEBUG] cheese - null
[2022-03-26T14:43:15.722] [DEBUG] cheese - null
[2022-03-26T14:48:06.181] [DEBUG] cheese - login => username:admin,password:123456
[2022-03-26T14:48:06.182] [DEBUG] cheese - admin
[2022-03-26T14:48:06.208] [DEBUG] cheese - null
[2022-03-26T14:48:06.208] [DEBUG] cheese - null
[2022-03-26T14:49:04.387] [DEBUG] cheese - login => username:admin,password:123456
[2022-03-26T14:49:04.388] [DEBUG] cheese - admin
[2022-03-26T14:49:04.391] [DEBUG] cheese - null
[2022-03-26T14:49:04.391] [DEBUG] cheese - null
[2022-03-26T14:54:17.799] [DEBUG] cheese - login => username:admin,password:123456
[2022-03-26T14:54:17.801] [DEBUG] cheese - admin
[2022-03-26T14:54:17.806] [DEBUG] cheese - null
[2022-03-26T14:54:17.806] [DEBUG] cheese - null
[2022-03-26T15:25:03.916] [DEBUG] cheese - login => username:admin,password:123456
[2022-03-26T15:25:03.919] [DEBUG] cheese - admin
[2022-03-26T15:25:03.951] [DEBUG] cheese - null
[2022-03-26T15:25:03.952] [DEBUG] cheese - null
[2022-03-26T15:33:15.111] [DEBUG] cheese - login => username:admin,password:123456
[2022-03-26T15:33:15.111] [DEBUG] cheese - admin
[2022-03-26T15:33:15.125] [DEBUG] cheese - null
[2022-03-26T15:33:15.125] [DEBUG] cheese - null
[2022-03-26T15:50:16.247] [DEBUG] cheese - login => username:admin,password:123456
[2022-03-26T15:50:16.249] [DEBUG] cheese - admin
[2022-03-26T15:50:16.266] [DEBUG] cheese - null
[2022-03-26T15:50:16.267] [DEBUG] cheese - null
[2022-03-26T16:04:58.449] [DEBUG] cheese - login => username:admin,password:123456
[2022-03-26T16:04:58.449] [DEBUG] cheese - admin
[2022-03-26T16:04:58.467] [DEBUG] cheese - null
[2022-03-26T16:04:58.468] [DEBUG] cheese - null
[2022-03-26T16:10:27.915] [DEBUG] cheese - login => username:admin,password:123456
[2022-03-26T16:10:27.915] [DEBUG] cheese - admin
[2022-03-26T16:10:27.922] [DEBUG] cheese - null
[2022-03-26T16:10:27.922] [DEBUG] cheese - null
[2022-03-26T16:13:33.642] [DEBUG] cheese - login => username:admin,password:123456
[2022-03-26T16:13:33.642] [DEBUG] cheese - admin
[2022-03-26T16:13:33.653] [DEBUG] cheese - null
[2022-03-26T16:13:33.654] [DEBUG] cheese - null
[2022-03-26T16:14:47.219] [DEBUG] cheese - login => username:admin,password:123456
[2022-03-26T16:14:47.219] [DEBUG] cheese - admin
[2022-03-26T16:14:47.229] [DEBUG] cheese - null
[2022-03-26T16:14:47.229] [DEBUG] cheese - null
[2022-03-26T16:18:11.056] [DEBUG] cheese - login => username:admin,password:123456
[2022-03-26T16:18:11.056] [DEBUG] cheese - admin
[2022-03-26T16:18:11.071] [DEBUG] cheese - null
[2022-03-26T16:18:11.071] [DEBUG] cheese - null
[2022-03-26T16:21:47.628] [DEBUG] cheese - login => username:admin,password:123456
[2022-03-26T16:21:47.629] [DEBUG] cheese - admin
[2022-03-26T16:21:47.632] [DEBUG] cheese - null
[2022-03-26T16:21:47.632] [DEBUG] cheese - null
[2022-03-26T16:41:17.427] [DEBUG] cheese - login => username:admin,password:123456
[2022-03-26T16:41:17.428] [DEBUG] cheese - admin
[2022-03-26T16:41:17.439] [DEBUG] cheese - null
[2022-03-26T16:41:17.441] [DEBUG] cheese - null
[2022-03-26T17:00:03.362] [DEBUG] cheese - login => username:admin,password:123456
[2022-03-26T17:00:03.362] [DEBUG] cheese - admin
[2022-03-26T17:00:03.366] [DEBUG] cheese - null
[2022-03-26T17:00:03.366] [DEBUG] cheese - null
[2022-03-26T17:03:26.508] [DEBUG] cheese - null
[2022-03-26T17:08:11.057] [DEBUG] cheese - login => username:admin,password:123455
[2022-03-26T17:08:11.057] [DEBUG] cheese - admin
[2022-03-26T17:08:11.063] [DEBUG] cheese - null
[2022-03-26T17:08:11.063] [DEBUG] cheese - null
[2022-03-26T17:08:20.277] [DEBUG] cheese - login => username:admin,password:123456
[2022-03-26T17:08:20.277] [DEBUG] cheese - admin
[2022-03-26T17:08:20.289] [DEBUG] cheese - null
[2022-03-26T17:08:20.289] [DEBUG] cheese - null
[2022-03-26T17:33:33.921] [DEBUG] cheese - login => username:admin,password:123456
[2022-03-26T17:33:33.921] [DEBUG] cheese - admin
[2022-03-26T17:33:33.941] [DEBUG] cheese - null
[2022-03-26T17:33:33.941] [DEBUG] cheese - null
[2022-03-26T18:41:15.447] [DEBUG] cheese - login => username:admin,password:123456
[2022-03-26T18:41:15.455] [DEBUG] cheese - admin
[2022-03-26T18:41:15.499] [DEBUG] cheese - null
[2022-03-26T18:41:15.501] [DEBUG] cheese - null
[2022-03-26T22:13:26.306] [DEBUG] cheese - login => username:admin,password:123456
[2022-03-26T22:13:26.314] [DEBUG] cheese - admin
[2022-03-26T22:13:26.390] [DEBUG] cheese - null
[2022-03-26T22:13:26.391] [DEBUG] cheese - null
[2022-03-27T14:19:59.853] [DEBUG] cheese - login => username:admin,password:123456
[2022-03-27T14:19:59.857] [DEBUG] cheese - admin
[2022-03-27T14:20:00.041] [DEBUG] cheese - null
[2022-03-27T14:20:00.042] [DEBUG] cheese - null
[2022-03-27T14:26:24.040] [DEBUG] cheese - login => username:admin,password:123456
[2022-03-27T14:26:24.040] [DEBUG] cheese - admin
[2022-03-27T14:26:24.051] [DEBUG] cheese - null
[2022-03-27T14:26:24.052] [DEBUG] cheese - null
[2022-03-27T14:55:32.159] [DEBUG] cheese - login => username:admin,password:123456
[2022-03-27T14:55:32.163] [DEBUG] cheese - admin
[2022-03-27T14:55:32.172] [DEBUG] cheese - null
[2022-03-27T14:55:32.174] [DEBUG] cheese - null
[2022-03-27T14:56:00.841] [DEBUG] cheese - login => username:admin,password:123456
[2022-03-27T14:56:00.841] [DEBUG] cheese - admin
[2022-03-27T14:56:00.845] [DEBUG] cheese - null
[2022-03-27T14:56:00.846] [DEBUG] cheese - null
[2022-03-27T18:18:32.253] [DEBUG] cheese - login => username:admin,password:123456
[2022-03-27T18:18:32.260] [DEBUG] cheese - admin
[2022-03-27T18:18:32.270] [DEBUG] cheese - null
[2022-03-27T18:18:32.271] [DEBUG] cheese - null
[2022-03-27T18:38:40.258] [DEBUG] cheese - login => username:admin,password:123456
[2022-03-27T18:38:40.260] [DEBUG] cheese - admin
[2022-03-27T18:38:40.424] [DEBUG] cheese - null
[2022-03-27T18:38:40.424] [DEBUG] cheese - null
[2022-03-27T20:42:43.399] [DEBUG] cheese - login => username:admin,password:123456
[2022-03-27T20:42:43.421] [DEBUG] cheese - admin
[2022-03-27T20:42:43.475] [DEBUG] cheese - null
[2022-03-27T20:42:43.480] [DEBUG] cheese - null
[2022-03-27T20:44:22.498] [DEBUG] cheese - login => username:admin,password:123456
[2022-03-27T20:44:22.500] [DEBUG] cheese - admin
[2022-03-27T20:44:22.509] [DEBUG] cheese - null
[2022-03-27T20:44:22.510] [DEBUG] cheese - null
[2022-03-27T20:45:41.466] [DEBUG] cheese - login => username:admin,password:123456
[2022-03-27T20:45:41.467] [DEBUG] cheese - admin
[2022-03-27T20:45:41.473] [DEBUG] cheese - null
[2022-03-27T20:45:41.473] [DEBUG] cheese - null
[2022-03-27T21:23:52.703] [DEBUG] cheese - login => username:admin,password:123456
[2022-03-27T21:23:52.711] [DEBUG] cheese - admin
[2022-03-27T21:23:52.785] [DEBUG] cheese - null
[2022-03-27T21:23:52.786] [DEBUG] cheese - null
[2022-03-27T22:19:27.493] [DEBUG] cheese - login => username:admin,password:123456
[2022-03-27T22:19:27.501] [DEBUG] cheese - admin
[2022-03-27T22:19:27.583] [DEBUG] cheese - null
[2022-03-27T22:19:27.584] [DEBUG] cheese - null
[2022-03-27T22:24:04.647] [DEBUG] cheese - login => username:admin,password:123456
[2022-03-27T22:24:04.647] [DEBUG] cheese - admin
[2022-03-27T22:24:04.650] [DEBUG] cheese - null
[2022-03-27T22:24:04.650] [DEBUG] cheese - null
[2022-03-27T22:25:08.843] [DEBUG] cheese - login => username:admin,password:123456
[2022-03-27T22:25:08.843] [DEBUG] cheese - admin
[2022-03-27T22:25:08.847] [DEBUG] cheese - null
[2022-03-27T22:25:08.847] [DEBUG] cheese - null
[2022-03-27T22:30:40.521] [DEBUG] cheese - login => username:admin,password:123456
[2022-03-27T22:30:40.524] [DEBUG] cheese - admin
[2022-03-27T22:30:40.527] [DEBUG] cheese - null
[2022-03-27T22:30:40.527] [DEBUG] cheese - null
[2022-03-27T23:04:06.753] [DEBUG] cheese - login => username:admin,password:123456
[2022-03-27T23:04:06.755] [DEBUG] cheese - admin
[2022-03-27T23:04:06.764] [DEBUG] cheese - null
[2022-03-27T23:04:06.770] [DEBUG] cheese - null
[2022-03-27T23:12:08.777] [DEBUG] cheese - login => username:admin,password:123456
[2022-03-27T23:12:08.778] [DEBUG] cheese - admin
[2022-03-27T23:12:08.791] [DEBUG] cheese - null
[2022-03-27T23:12:08.791] [DEBUG] cheese - null
[2022-03-27T23:23:28.686] [DEBUG] cheese - login => username:admin,password:123456
[2022-03-27T23:23:28.686] [DEBUG] cheese - admin
[2022-03-27T23:23:28.707] [DEBUG] cheese - null
[2022-03-27T23:23:28.707] [DEBUG] cheese - null
[2022-03-27T23:28:23.145] [DEBUG] cheese - login => username:admin,password:123456
[2022-03-27T23:28:23.145] [DEBUG] cheese - admin
[2022-03-27T23:28:23.159] [DEBUG] cheese - null
[2022-03-27T23:28:23.165] [DEBUG] cheese - null
[2022-03-27T23:58:49.355] [DEBUG] cheese - login => username:admin,password:123456
[2022-03-27T23:58:49.359] [DEBUG] cheese - admin
[2022-03-27T23:58:49.383] [DEBUG] cheese - null
[2022-03-27T23:58:49.384] [DEBUG] cheese - null
[2022-03-28T13:39:04.311] [DEBUG] cheese - login => username:admin,password:123456
[2022-03-28T13:39:04.314] [DEBUG] cheese - admin
[2022-03-28T13:39:04.379] [DEBUG] cheese - null
[2022-03-28T13:39:04.380] [DEBUG] cheese - null
[2022-03-28T14:04:02.519] [DEBUG] cheese - login => username:admin,password:123456
[2022-03-28T14:04:02.521] [DEBUG] cheese - admin
[2022-03-28T14:04:02.525] [DEBUG] cheese - null
[2022-03-28T14:04:02.525] [DEBUG] cheese - null
[2022-03-28T14:12:50.562] [DEBUG] cheese - login => username:admin,password:123456
[2022-03-28T14:12:50.564] [DEBUG] cheese - admin
[2022-03-28T14:12:50.608] [DEBUG] cheese - null
[2022-03-28T14:12:50.608] [DEBUG] cheese - null
[2022-03-28T15:17:56.498] [DEBUG] cheese - login => username:admin,password:123456
[2022-03-28T15:17:56.530] [DEBUG] cheese - admin
[2022-03-28T15:17:56.610] [DEBUG] cheese - null
[2022-03-28T15:17:56.613] [DEBUG] cheese - null
[2022-03-28T16:43:58.915] [DEBUG] cheese - login => username:admin,password:123456
[2022-03-28T16:43:58.927] [DEBUG] cheese - admin
[2022-03-28T16:43:59.019] [DEBUG] cheese - null
[2022-03-28T16:43:59.020] [DEBUG] cheese - null
[2022-03-28T16:47:31.569] [DEBUG] cheese - null
[2022-03-28T16:48:47.845] [DEBUG] cheese - null
[2022-03-28T16:48:54.085] [DEBUG] cheese - null
[2022-03-28T16:49:56.113] [DEBUG] cheese - null
[2022-03-28T16:51:21.620] [DEBUG] cheese - login => username:admin,password:123456
[2022-03-28T16:51:21.620] [DEBUG] cheese - admin
[2022-03-28T16:51:21.629] [DEBUG] cheese - null
[2022-03-28T16:51:21.630] [DEBUG] cheese - null
[2022-03-28T17:19:19.993] [DEBUG] cheese - null
[2022-03-28T18:12:54.332] [DEBUG] cheese - login => username:admin,password:123456
[2022-03-28T18:12:54.334] [DEBUG] cheese - admin
[2022-03-28T18:12:54.339] [DEBUG] cheese - null
[2022-03-28T18:12:54.340] [DEBUG] cheese - null
[2022-03-28T18:17:26.215] [DEBUG] cheese - login => username:admin,password:123456
[2022-03-28T18:17:26.215] [DEBUG] cheese - admin
[2022-03-28T18:17:26.219] [DEBUG] cheese - null
[2022-03-28T18:17:26.220] [DEBUG] cheese - null
[2022-03-28T18:22:14.541] [DEBUG] cheese - login => username:admin,password:123456
[2022-03-28T18:22:14.542] [DEBUG] cheese - admin
[2022-03-28T18:22:14.545] [DEBUG] cheese - null
[2022-03-28T18:22:14.546] [DEBUG] cheese - null
[2022-03-28T18:34:20.185] [DEBUG] cheese - login => username:admin,password:123456
[2022-03-28T18:34:20.186] [DEBUG] cheese - admin
[2022-03-28T18:34:20.206] [DEBUG] cheese - null
[2022-03-28T18:34:20.207] [DEBUG] cheese - null
[2022-03-28T18:39:37.721] [DEBUG] cheese - login => username:admin,password:123456
[2022-03-28T18:39:37.721] [DEBUG] cheese - admin
[2022-03-28T18:39:37.728] [DEBUG] cheese - null
[2022-03-28T18:39:37.728] [DEBUG] cheese - null
[2022-03-28T18:40:22.759] [DEBUG] cheese - login => username:admin,password:123456
[2022-03-28T18:40:22.759] [DEBUG] cheese - admin
[2022-03-28T18:40:22.763] [DEBUG] cheese - null
[2022-03-28T18:40:22.763] [DEBUG] cheese - null
[2022-03-28T18:55:32.493] [DEBUG] cheese - login => username:admin,password:123456
[2022-03-28T18:55:32.495] [DEBUG] cheese - admin
[2022-03-28T18:55:32.499] [DEBUG] cheese - null
[2022-03-28T18:55:32.500] [DEBUG] cheese - null
[2022-03-28T18:57:19.931] [DEBUG] cheese - login => username:admin,password:123456
[2022-03-28T18:57:19.932] [DEBUG] cheese - admin
[2022-03-28T18:57:19.935] [DEBUG] cheese - null
[2022-03-28T18:57:19.936] [DEBUG] cheese - null
[2022-03-28T19:24:33.834] [DEBUG] cheese - login => username:admin,password:123456
[2022-03-28T19:24:33.834] [DEBUG] cheese - admin
[2022-03-28T19:24:33.847] [DEBUG] cheese - null
[2022-03-28T19:24:33.847] [DEBUG] cheese - null
[2022-03-28T19:27:04.728] [DEBUG] cheese - login => username:admin,password:123456
[2022-03-28T19:27:04.728] [DEBUG] cheese - admin
[2022-03-28T19:27:04.731] [DEBUG] cheese - null
[2022-03-28T19:27:04.731] [DEBUG] cheese - null
[2022-03-28T19:29:14.717] [DEBUG] cheese - login => username:admin,password:123456
[2022-03-28T19:29:14.718] [DEBUG] cheese - admin
[2022-03-28T19:29:14.723] [DEBUG] cheese - null
[2022-03-28T19:29:14.724] [DEBUG] cheese - null
[2022-03-28T20:45:02.228] [DEBUG] cheese - login => username:admin,password:123456
[2022-03-28T20:45:02.229] [DEBUG] cheese - admin
[2022-03-28T20:45:02.236] [DEBUG] cheese - null
[2022-03-28T20:45:02.236] [DEBUG] cheese - null
[2022-03-28T21:00:07.732] [DEBUG] cheese - login => username:admin,password:123456
[2022-03-28T21:00:07.732] [DEBUG] cheese - admin
[2022-03-28T21:00:07.735] [DEBUG] cheese - null
[2022-03-28T21:00:07.736] [DEBUG] cheese - null
[2022-03-28T21:03:26.563] [DEBUG] cheese - login => username:admin,password:123456
[2022-03-28T21:03:26.563] [DEBUG] cheese - admin
[2022-03-28T21:03:26.571] [DEBUG] cheese - null
[2022-03-28T21:03:26.572] [DEBUG] cheese - null
[2022-03-28T21:04:02.810] [DEBUG] cheese - null
[2022-03-28T21:04:26.045] [DEBUG] cheese - null
[2022-03-28T21:06:01.722] [DEBUG] cheese - null
[2022-03-28T21:06:57.523] [DEBUG] cheese - null
[2022-03-28T21:47:09.772] [DEBUG] cheese - null
[2022-03-28T21:50:49.662] [DEBUG] cheese - null
[2022-03-28T22:05:01.371] [DEBUG] cheese - null
[2022-03-28T22:18:30.044] [DEBUG] cheese - null
[2022-03-28T22:31:59.572] [DEBUG] cheese - null
[2022-03-28T22:32:51.303] [DEBUG] cheese - null
[2022-03-28T22:32:59.143] [DEBUG] cheese - null
[2022-03-28T22:35:59.778] [DEBUG] cheese - null
[2022-03-28T22:38:58.762] [DEBUG] cheese - null
[2022-03-28T22:39:03.268] [DEBUG] cheese - null
[2022-03-28T22:39:14.364] [DEBUG] cheese - null
[2022-03-28T22:40:50.833] [DEBUG] cheese - null
[2022-03-28T22:42:35.402] [DEBUG] cheese - null
[2022-03-28T22:43:12.682] [DEBUG] cheese - null
[2022-03-28T22:43:30.930] [DEBUG] cheese - null
[2022-03-28T22:43:31.555] [DEBUG] cheese - null
[2022-03-28T22:43:32.030] [DEBUG] cheese - null
[2022-03-28T22:43:32.204] [DEBUG] cheese - null
[2022-03-28T22:43:32.702] [DEBUG] cheese - null
[2022-03-28T22:43:32.880] [DEBUG] cheese - null
[2022-03-28T22:43:51.214] [DEBUG] cheese - null
[2022-03-28T22:44:42.211] [DEBUG] cheese - login => username:admin,password:123456
[2022-03-28T22:44:42.211] [DEBUG] cheese - admin
[2022-03-28T22:44:42.219] [DEBUG] cheese - null
[2022-03-28T22:44:42.220] [DEBUG] cheese - null
[2022-03-28T22:45:08.517] [DEBUG] cheese - null
[2022-03-28T22:45:13.329] [DEBUG] cheese - null
[2022-03-28T22:45:17.062] [DEBUG] cheese - null
[2022-03-28T22:45:24.938] [DEBUG] cheese - null
[2022-03-28T22:45:58.643] [DEBUG] cheese - login => username:admin,password:123456
[2022-03-28T22:45:58.644] [DEBUG] cheese - admin
[2022-03-28T22:45:58.646] [DEBUG] cheese - null
[2022-03-28T22:45:58.647] [DEBUG] cheese - null
[2022-03-28T22:46:24.431] [DEBUG] cheese - null
[2022-03-28T22:55:31.392] [DEBUG] cheese - login => username:admin,password:123456
[2022-03-28T22:55:31.393] [DEBUG] cheese - admin
[2022-03-28T22:55:31.405] [DEBUG] cheese - null
[2022-03-28T22:55:31.405] [DEBUG] cheese - null
[2022-03-28T23:06:34.968] [DEBUG] cheese - login => username:admin,password:123456
[2022-03-28T23:06:34.969] [DEBUG] cheese - admin
[2022-03-28T23:06:34.980] [DEBUG] cheese - null
[2022-03-28T23:06:34.981] [DEBUG] cheese - null
[2022-03-28T23:11:33.577] [DEBUG] cheese - login => username:admin,password:123456
[2022-03-28T23:11:33.577] [DEBUG] cheese - admin
[2022-03-28T23:11:33.590] [DEBUG] cheese - null
[2022-03-28T23:11:33.591] [DEBUG] cheese - null
[2022-03-28T23:12:50.141] [DEBUG] cheese - login => username:admin,password:123456
[2022-03-28T23:12:50.142] [DEBUG] cheese - admin
[2022-03-28T23:12:50.148] [DEBUG] cheese - null
[2022-03-28T23:12:50.149] [DEBUG] cheese - null
[2022-03-28T23:14:48.885] [DEBUG] cheese - login => username:admin,password:123456
[2022-03-28T23:14:48.885] [DEBUG] cheese - admin
[2022-03-28T23:14:48.893] [DEBUG] cheese - null
[2022-03-28T23:14:48.893] [DEBUG] cheese - null
[2022-03-28T23:22:48.450] [DEBUG] cheese - login => username:admin,password:123456
[2022-03-28T23:22:48.452] [DEBUG] cheese - admin
[2022-03-28T23:22:48.500] [DEBUG] cheese - null
[2022-03-28T23:22:48.501] [DEBUG] cheese - null
[2022-03-28T23:29:07.867] [DEBUG] cheese - login => username:admin,password:123456
[2022-03-28T23:29:07.867] [DEBUG] cheese - admin
[2022-03-28T23:29:07.872] [DEBUG] cheese - null
[2022-03-28T23:29:07.872] [DEBUG] cheese - null
[2022-03-28T23:37:08.530] [DEBUG] cheese - login => username:admin,password:123456
[2022-03-28T23:37:08.531] [DEBUG] cheese - admin
[2022-03-28T23:37:08.550] [DEBUG] cheese - null
[2022-03-28T23:37:08.550] [DEBUG] cheese - null
[2022-03-28T23:39:59.632] [DEBUG] cheese - login => username:admin,password:123456
[2022-03-28T23:39:59.633] [DEBUG] cheese - admin
[2022-03-28T23:39:59.637] [DEBUG] cheese - null
[2022-03-28T23:39:59.637] [DEBUG] cheese - null
[2022-03-28T23:41:06.497] [DEBUG] cheese - login => username:admin,password:123456
[2022-03-28T23:41:06.497] [DEBUG] cheese - admin
[2022-03-28T23:41:06.500] [DEBUG] cheese - null
[2022-03-28T23:41:06.500] [DEBUG] cheese - null
[2022-03-29T14:05:40.930] [DEBUG] cheese - login => username:admin,password:123456
[2022-03-29T14:05:40.932] [DEBUG] cheese - admin
[2022-03-29T14:05:40.998] [DEBUG] cheese - null
[2022-03-29T14:05:40.998] [DEBUG] cheese - null
[2022-03-29T14:09:30.140] [DEBUG] cheese - null
[2022-03-29T14:41:36.652] [DEBUG] cheese - login => username:admin,password:123456
[2022-03-29T14:41:36.661] [DEBUG] cheese - admin
[2022-03-29T14:41:36.667] [DEBUG] cheese - null
[2022-03-29T14:41:36.668] [DEBUG] cheese - null
[2022-03-29T21:57:19.904] [DEBUG] cheese - login => username:admin,password:123456
[2022-03-29T21:57:19.906] [DEBUG] cheese - admin
[2022-03-29T21:57:20.018] [DEBUG] cheese - null
[2022-03-29T21:57:20.018] [DEBUG] cheese - null
[2022-03-29T21:59:22.134] [DEBUG] cheese - login => username:admin,password:123456
[2022-03-29T21:59:22.135] [DEBUG] cheese - admin
[2022-03-29T21:59:22.139] [DEBUG] cheese - null
[2022-03-29T21:59:22.139] [DEBUG] cheese - null
[2022-03-30T17:56:22.822] [DEBUG] cheese - login => username:admin,password:123456
[2022-03-30T17:56:22.823] [DEBUG] cheese - admin
[2022-03-30T17:56:22.956] [DEBUG] cheese - null
[2022-03-30T17:56:22.957] [DEBUG] cheese - null
[2022-03-31T22:05:36.298] [DEBUG] cheese - login => username:admin,password:123456
[2022-03-31T22:05:36.301] [DEBUG] cheese - admin
[2022-03-31T22:05:36.333] [DEBUG] cheese - null
[2022-03-31T22:05:36.333] [DEBUG] cheese - null
[2022-04-01T14:34:32.839] [DEBUG] cheese - login => username:admin,password:123456
[2022-04-01T14:34:32.841] [DEBUG] cheese - admin
[2022-04-01T14:34:33.573] [DEBUG] cheese - null
[2022-04-01T14:34:33.573] [DEBUG] cheese - null
[2022-04-01T15:15:50.550] [DEBUG] cheese - login => username:admin,password:123456
[2022-04-01T15:15:50.552] [DEBUG] cheese - admin
[2022-04-01T15:15:51.242] [DEBUG] cheese - null
[2022-04-01T15:15:51.243] [DEBUG] cheese - null
[2022-04-03T18:09:32.987] [DEBUG] cheese - login => username:admin,password:123456
[2022-04-03T18:09:32.992] [DEBUG] cheese - admin
[2022-04-03T18:09:33.748] [DEBUG] cheese - null
[2022-04-03T18:09:33.751] [DEBUG] cheese - null
[2022-04-03T18:10:35.584] [DEBUG] cheese - login => username:admin,password:123456
[2022-04-03T18:10:35.585] [DEBUG] cheese - admin
[2022-04-03T18:10:36.297] [DEBUG] cheese - null
[2022-04-03T18:10:36.297] [DEBUG] cheese - null
[2022-04-03T18:54:51.418] [DEBUG] cheese - login => username:admin,password:123456
[2022-04-03T18:54:51.421] [DEBUG] cheese - admin
[2022-04-03T18:54:52.090] [DEBUG] cheese - null
[2022-04-03T18:54:52.093] [DEBUG] cheese - null
[2022-04-03T19:09:00.879] [DEBUG] cheese - login => username:admin,password:123456
[2022-04-03T19:09:00.887] [DEBUG] cheese - admin
[2022-04-03T19:09:01.524] [DEBUG] cheese - null
[2022-04-03T19:09:01.525] [DEBUG] cheese - null
[2022-04-03T20:15:06.218] [DEBUG] cheese - login => username:admin,password:123456
[2022-04-03T20:15:06.221] [DEBUG] cheese - admin
[2022-04-03T20:15:06.892] [DEBUG] cheese - null
[2022-04-03T20:15:06.894] [DEBUG] cheese - null
[2022-04-03T20:50:44.572] [DEBUG] cheese - login => username:admin,password:123456
[2022-04-03T20:50:44.579] [DEBUG] cheese - admin
[2022-04-03T20:50:45.460] [DEBUG] cheese - null
[2022-04-03T20:50:45.461] [DEBUG] cheese - null
[2022-04-03T20:53:01.208] [DEBUG] cheese - login => username:admin,password:123456
[2022-04-03T20:53:01.217] [DEBUG] cheese - admin
[2022-04-03T20:53:01.851] [DEBUG] cheese - null
[2022-04-03T20:53:01.859] [DEBUG] cheese - null
[2022-04-03T20:54:19.046] [DEBUG] cheese - login => username:admin,password:123456
[2022-04-03T20:54:19.047] [DEBUG] cheese - admin
[2022-04-03T20:54:19.753] [DEBUG] cheese - null
[2022-04-03T20:54:19.753] [DEBUG] cheese - null
[2022-04-03T21:02:16.341] [DEBUG] cheese - login => username:admin,password:123456
[2022-04-03T21:02:16.342] [DEBUG] cheese - admin
[2022-04-03T21:02:17.283] [DEBUG] cheese - null
[2022-04-03T21:02:17.283] [DEBUG] cheese - null
[2022-04-03T21:16:13.984] [DEBUG] cheese - login => username:admin,password:123456
[2022-04-03T21:16:13.986] [DEBUG] cheese - admin
[2022-04-03T21:16:14.724] [DEBUG] cheese - null
[2022-04-03T21:16:14.724] [DEBUG] cheese - null
[2022-04-03T21:21:14.826] [DEBUG] cheese - login => username:admin,password:123456
[2022-04-03T21:21:14.828] [DEBUG] cheese - admin
[2022-04-03T21:21:15.615] [DEBUG] cheese - null
[2022-04-03T21:21:15.625] [DEBUG] cheese - null
[2022-04-03T21:43:26.012] [DEBUG] cheese - login => username:admin,password:123456
[2022-04-03T21:43:26.013] [DEBUG] cheese - admin
[2022-04-03T21:43:27.093] [DEBUG] cheese - null
[2022-04-03T21:43:27.095] [DEBUG] cheese - null
[2022-04-03T21:51:40.967] [DEBUG] cheese - login => username:admin,password:123456
[2022-04-03T21:51:40.967] [DEBUG] cheese - admin
[2022-04-03T21:51:41.489] [DEBUG] cheese - null
[2022-04-03T21:51:41.489] [DEBUG] cheese - null
[2022-04-03T21:53:15.807] [DEBUG] cheese - login => username:admin,password:123456
[2022-04-03T21:53:15.807] [DEBUG] cheese - admin
[2022-04-03T21:53:16.895] [DEBUG] cheese - null
[2022-04-03T21:53:16.896] [DEBUG] cheese - null
[2022-04-03T22:07:16.967] [DEBUG] cheese - login => username:admin,password:123456
[2022-04-03T22:07:16.967] [DEBUG] cheese - admin
[2022-04-03T22:07:17.860] [DEBUG] cheese - null
[2022-04-03T22:07:17.861] [DEBUG] cheese - null
[2022-04-04T13:58:26.767] [DEBUG] cheese - login => username:admin,password:123456
[2022-04-04T13:58:26.769] [DEBUG] cheese - admin
[2022-04-04T13:58:27.444] [DEBUG] cheese - null
[2022-04-04T13:58:27.445] [DEBUG] cheese - null
[2022-04-04T14:03:14.723] [DEBUG] cheese - login => username:admin,password:123456
[2022-04-04T14:03:14.724] [DEBUG] cheese - admin
[2022-04-04T14:03:15.611] [DEBUG] cheese - null
[2022-04-04T14:03:15.612] [DEBUG] cheese - null
[2022-04-04T14:06:26.708] [DEBUG] cheese - null
[2022-04-04T14:07:02.338] [DEBUG] cheese - null
[2022-04-04T14:07:07.928] [DEBUG] cheese - null
[2022-04-04T14:32:33.466] [DEBUG] cheese - login => username:admin,password:123456
[2022-04-04T14:32:33.466] [DEBUG] cheese - admin
[2022-04-04T14:32:34.234] [DEBUG] cheese - null
[2022-04-04T14:32:34.235] [DEBUG] cheese - null
[2022-04-04T14:49:56.970] [DEBUG] cheese - login => username:admin,password:123456
[2022-04-04T14:49:56.972] [DEBUG] cheese - admin
[2022-04-04T14:50:13.828] [DEBUG] cheese - null
[2022-04-04T14:50:13.829] [DEBUG] cheese - null
[2022-04-04T14:52:16.211] [DEBUG] cheese - login => username:admin,password:123456
[2022-04-04T14:52:16.213] [DEBUG] cheese - admin
[2022-04-04T14:52:16.279] [DEBUG] cheese - null
[2022-04-04T14:52:16.279] [DEBUG] cheese - null
[2022-04-04T15:53:14.977] [DEBUG] cheese - login => username:admin,password:123456
[2022-04-04T15:53:14.979] [DEBUG] cheese - admin
[2022-04-04T15:53:14.993] [DEBUG] cheese - null
[2022-04-04T15:53:14.993] [DEBUG] cheese - null
[2022-04-04T15:53:32.095] [DEBUG] cheese - login => username:admin,password:123456
[2022-04-04T15:53:32.095] [DEBUG] cheese - admin
[2022-04-04T15:53:32.097] [DEBUG] cheese - null
[2022-04-04T15:53:32.098] [DEBUG] cheese - null
[2022-04-04T15:54:43.091] [DEBUG] cheese - login => username:admin,password:123456
[2022-04-04T15:54:43.092] [DEBUG] cheese - admin
[2022-04-04T15:54:43.114] [DEBUG] cheese - null
[2022-04-04T15:54:43.114] [DEBUG] cheese - null
[2022-04-04T15:58:28.335] [DEBUG] cheese - login => username:admin,password:123456
[2022-04-04T15:58:28.335] [DEBUG] cheese - admin
[2022-04-04T15:58:28.338] [DEBUG] cheese - null
[2022-04-04T15:58:28.338] [DEBUG] cheese - null
[2022-04-04T16:07:56.030] [DEBUG] cheese - login => username:admin,password:123456
[2022-04-04T16:07:56.031] [DEBUG] cheese - admin
[2022-04-04T16:07:56.035] [DEBUG] cheese - null
[2022-04-04T16:07:56.036] [DEBUG] cheese - null
[2022-04-04T16:08:22.985] [DEBUG] cheese - login => username:admin,password:123456
[2022-04-04T16:08:22.985] [DEBUG] cheese - admin
[2022-04-04T16:08:22.991] [DEBUG] cheese - null
[2022-04-04T16:08:22.992] [DEBUG] cheese - null
[2022-04-04T17:03:46.411] [DEBUG] cheese - login => username:admin,password:123456
[2022-04-04T17:03:46.418] [DEBUG] cheese - admin
[2022-04-04T17:03:47.177] [DEBUG] cheese - null
[2022-04-04T17:03:47.178] [DEBUG] cheese - null
[2022-04-04T17:06:25.433] [DEBUG] cheese - login => username:admin,password:123456
[2022-04-04T17:06:25.433] [DEBUG] cheese - admin
[2022-04-04T17:06:26.136] [DEBUG] cheese - null
[2022-04-04T17:06:26.136] [DEBUG] cheese - null
[2022-04-04T17:44:39.863] [DEBUG] cheese - login => username:admin,password:123456
[2022-04-04T17:44:39.864] [DEBUG] cheese - admin
[2022-04-04T17:44:39.877] [DEBUG] cheese - null
[2022-04-04T17:44:39.877] [DEBUG] cheese - null
[2022-04-04T17:52:37.475] [DEBUG] cheese - login => username:admin,password:123456
[2022-04-04T17:52:37.478] [DEBUG] cheese - admin
[2022-04-04T17:52:37.493] [DEBUG] cheese - null
[2022-04-04T17:52:37.494] [DEBUG] cheese - null
[2022-04-04T17:56:47.100] [DEBUG] cheese - login => username:admiin,password:123456
[2022-04-04T17:56:47.106] [DEBUG] cheese - admiin
[2022-04-04T17:56:47.112] [DEBUG] cheese - null
[2022-04-04T17:56:47.112] [DEBUG] cheese - null
[2022-04-04T17:56:54.193] [DEBUG] cheese - login => username:admin,password:123456
[2022-04-04T17:56:54.193] [DEBUG] cheese - admin
[2022-04-04T17:56:54.195] [DEBUG] cheese - null
[2022-04-04T17:56:54.195] [DEBUG] cheese - null
[2022-04-04T18:03:00.180] [DEBUG] cheese - login => username:admin,password:123456
[2022-04-04T18:03:00.180] [DEBUG] cheese - admin
[2022-04-04T18:03:00.186] [DEBUG] cheese - null
[2022-04-04T18:03:00.187] [DEBUG] cheese - null
[2022-04-04T18:03:44.504] [DEBUG] cheese - null
[2022-04-04T18:16:04.538] [DEBUG] cheese - login => username:admin,password:123456
[2022-04-04T18:16:04.538] [DEBUG] cheese - admin
[2022-04-04T18:16:04.542] [DEBUG] cheese - null
[2022-04-04T18:16:04.542] [DEBUG] cheese - null
[2022-04-04T18:21:02.972] [DEBUG] cheese - login => username:admin,password:123456
[2022-04-04T18:21:02.973] [DEBUG] cheese - admin
[2022-04-04T18:21:02.976] [DEBUG] cheese - null
[2022-04-04T18:21:02.976] [DEBUG] cheese - null
[2022-04-04T19:07:36.002] [DEBUG] cheese - login => username:admin,password:123456
[2022-04-04T19:07:36.006] [DEBUG] cheese - admin
[2022-04-04T19:07:36.014] [DEBUG] cheese - null
[2022-04-04T19:07:36.016] [DEBUG] cheese - null
[2022-04-04T19:11:32.146] [DEBUG] cheese - login => username:admin,password:123456
[2022-04-04T19:11:32.147] [DEBUG] cheese - admin
[2022-04-04T19:11:32.150] [DEBUG] cheese - null
[2022-04-04T19:11:32.150] [DEBUG] cheese - null
[2022-04-04T20:07:31.781] [DEBUG] cheese - login => username:admin,password:123456
[2022-04-04T20:07:31.787] [DEBUG] cheese - admin
[2022-04-04T20:07:31.859] [DEBUG] cheese - null
[2022-04-04T20:07:31.859] [DEBUG] cheese - null
[2022-04-04T20:10:37.785] [DEBUG] cheese - login => username:admin,password:123456
[2022-04-04T20:10:37.786] [DEBUG] cheese - admin
[2022-04-04T20:10:37.789] [DEBUG] cheese - null
[2022-04-04T20:10:37.790] [DEBUG] cheese - null
[2022-04-04T20:18:29.458] [DEBUG] cheese - login => username:admin,password:123456
[2022-04-04T20:18:29.458] [DEBUG] cheese - admin
[2022-04-04T20:18:29.462] [DEBUG] cheese - null
[2022-04-04T20:18:29.462] [DEBUG] cheese - null
